<?xml version="1.0" encoding="UTF-8"?>
<testsuite xmlns:xsi="http://www.w3.org/2001/XMLSchema-instance" xsi:noNamespaceSchemaLocation="https://maven.apache.org/surefire/maven-surefire-plugin/xsd/surefire-test-report-3.0.xsd" version="3.0" name="TestSuite" time="11.823" tests="1" errors="0" skipped="0" failures="0">
  <properties>
[...]
</properties>
  <testcase name="runScenario[&quot;Validate WordPress get page and photo directory search&quot;, &quot;WordPress photo directory validation&quot;](1)" classname="com.sdet.runner.CucumberTestRunner" time="10.868">
    <system-out><![CDATA[
Scenario: Validate WordPress get page and photo directory search # src/test/resources/features/wordpress-photo-directory.feature:3
  Given I launch the WordPress URL                               # com.sdet.stepdefinitions.WordPressStepDefinitions.iLaunchTheWordPressUrl()
  Then I verify the page title contains "WordPress.org"          # com.sdet.stepdefinitions.WordPressStepDefinitions.iVerifyThePageTitleContains(java.lang.String)
  When I click on Get WordPress option on top left               # com.sdet.stepdefinitions.WordPressStepDefinitions.iClickOnGetWordPressOptionOnTopLeft()
  Then I verify middle page text as "Get WordPress"              # com.sdet.stepdefinitions.WordPressStepDefinitions.iVerifyMiddlePageTextAs(java.lang.String)
  And I click on Community and then Photo Directory              # com.sdet.stepdefinitions.WordPressStepDefinitions.iClickOnCommunityAndThenPhotoDirectory()
  When I search for picture name "nature"                        # com.sdet.stepdefinitions.WordPressStepDefinitions.iSearchForPictureName(java.lang.String)
  Then I verify pictures are displayed                           # com.sdet.stepdefinitions.WordPressStepDefinitions.iVerifyPicturesAreDisplayed()
]]></system-out>
    <system-err><![CDATA[SLF4J(W): No SLF4J providers were found.
SLF4J(W): Defaulting to no-operation (NOP) logger implementation
SLF4J(W): See https://www.slf4j.org/codes.html#noProviders for further details.
Mar 24, 2026 11:27:30 PM org.openqa.selenium.devtools.CdpVersionFinder findNearestMatch
WARNING: Unable to find CDP implementation matching 146
Mar 24, 2026 11:27:30 PM org.openqa.selenium.chromium.ChromiumDriver lambda$new$5
WARNING: Unable to find version of CDP to use for 146.0.7680.154. You may need to include a dependency on a specific version of the CDP using something similar to `org.seleniumhq.selenium:selenium-devtools-v86:4.15.0` where the version ("v86") matches the version of the chromium-based browser you're using and the version number of the artifact is the same as Selenium's.
]]></system-err>
  </testcase>
</testsuite>