<?xml version="1.0" encoding="UTF-8"?>
<testng-results ignored="0" total="1" passed="1" failed="0" skipped="0">
  <reporter-output>
  </reporter-output>
  <suite started-at="2026-03-24T23:27:28 IST" name="Capstone Project 5 Suite" finished-at="2026-03-24T23:27:40 IST" duration-ms="11380">
    <groups>
      <group name="cucumber">
        <method signature="AbstractTestNGCucumberTests.runScenario(io.cucumber.testng.PickleWrapper,io.cucumber.testng.FeatureWrapper)[pri:0, instance:com.sdet.runner.CucumberTestRunner@175c2241]" name="runScenario" class="io.cucumber.testng.AbstractTestNGCucumberTests"/>
      </group> <!-- cucumber -->
    </groups>
    <test started-at="2026-03-24T23:27:28 IST" name="WordPress Cucumber TestNG Run" finished-at="2026-03-24T23:27:40 IST" duration-ms="11380">
      <class name="com.sdet.runner.CucumberTestRunner">
        <test-method is-config="true" signature="setUpClass(org.testng.ITestContext)[pri:0, instance:com.sdet.runner.CucumberTestRunner@175c2241]" started-at="2026-03-24T23:27:28 IST" name="setUpClass" finished-at="2026-03-24T23:27:29 IST" duration-ms="468" status="PASS">
          <params>
            <param index="0">
              <value>
                <![CDATA[org.testng.TestRunner@dd71b20]]>
              </value>
            </param>
          </params>
          <reporter-output>
          </reporter-output>
        </test-method> <!-- setUpClass -->
        <test-method signature="runScenario(io.cucumber.testng.PickleWrapper,io.cucumber.testng.FeatureWrapper)[pri:0, instance:com.sdet.runner.CucumberTestRunner@175c2241]" started-at="2026-03-24T23:27:29 IST" name="runScenario" description="Runs Cucumber Scenarios" data-provider="scenarios" finished-at="2026-03-24T23:27:40 IST" duration-ms="10884" status="PASS">
          <params>
            <param index="0">
              <value>
                <![CDATA["Validate WordPress get page and photo directory search"]]>
              </value>
            </param>
            <param index="1">
              <value>
                <![CDATA["WordPress photo directory validation"]]>
              </value>
            </param>
          </params>
          <reporter-output>
          </reporter-output>
        </test-method> <!-- runScenario -->
        <test-method is-config="true" signature="tearDownClass()[pri:0, instance:com.sdet.runner.CucumberTestRunner@175c2241]" started-at="2026-03-24T23:27:40 IST" name="tearDownClass" finished-at="2026-03-24T23:27:40 IST" duration-ms="26" status="PASS">
          <reporter-output>
          </reporter-output>
        </test-method> <!-- tearDownClass -->
      </class> <!-- com.sdet.runner.CucumberTestRunner -->
    </test> <!-- WordPress Cucumber TestNG Run -->
  </suite> <!-- Capstone Project 5 Suite -->
</testng-results>
