<?xml version="1.0" encoding="UTF-8"?>
<testng-results ignored="0" total="1" passed="1" failed="0" skipped="0">
  <reporter-output>
  </reporter-output>
  <suite started-at="2026-02-21T16:42:12 IST" name="MakeMyTrip Test Suite" finished-at="2026-02-21T16:42:51 IST" duration-ms="38369">
    <groups>
    </groups>
    <test started-at="2026-02-21T16:42:12 IST" name="MakeMyTrip Flights Test (Chrome)" finished-at="2026-02-21T16:42:51 IST" duration-ms="38369">
      <class name="com.sdet.tests.MakeMyTripFlightsTest">
        <test-method is-config="true" signature="setup()[pri:0, instance:com.sdet.tests.MakeMyTripFlightsTest@661972b0]" started-at="2026-02-21T16:42:12 IST" name="setup" finished-at="2026-02-21T16:42:14 IST" duration-ms="1261" status="PASS">
          <reporter-output>
          </reporter-output>
        </test-method> <!-- setup -->
        <test-method signature="selectFlightsOneWayAndEnterLocations()[pri:0, instance:com.sdet.tests.MakeMyTripFlightsTest@661972b0]" started-at="2026-02-21T16:42:14 IST" name="selectFlightsOneWayAndEnterLocations" description="Click Flights, select OneWay, enter FROM and TO locations in Chrome" finished-at="2026-02-21T16:42:50 IST" duration-ms="36903" status="PASS">
          <reporter-output>
          </reporter-output>
        </test-method> <!-- selectFlightsOneWayAndEnterLocations -->
        <test-method is-config="true" signature="teardown()[pri:0, instance:com.sdet.tests.MakeMyTripFlightsTest@661972b0]" started-at="2026-02-21T16:42:50 IST" name="teardown" finished-at="2026-02-21T16:42:51 IST" duration-ms="183" status="PASS">
          <reporter-output>
          </reporter-output>
        </test-method> <!-- teardown -->
      </class> <!-- com.sdet.tests.MakeMyTripFlightsTest -->
    </test> <!-- MakeMyTrip Flights Test (Chrome) -->
  </suite> <!-- MakeMyTrip Test Suite -->
</testng-results>
